INFO [2022-09-02 16:33:47] [[1]]
INFO [2022-09-02 16:33:47] list(FANTOM5 = unique(paste(fantom5$GENEID_L, fantom5$GENEID_R)), 
INFO [2022-09-02 16:33:47]     DLRP = unique(paste(dlrp$GENEID_L, dlrp$GENEID_R)), IUPHAR = unique(paste(iuphar$GENEID_L, 
INFO [2022-09-02 16:33:47]         iuphar$GENEID_R)), HPMR = unique(paste(hpmr$GENEID_L, 
INFO [2022-09-02 16:33:47]         hpmr$GENEID_R)), UNIPROTKB_HPRD = unique(paste(uniprotkb_hprd$GENEID_L, 
INFO [2022-09-02 16:33:47]         uniprotkb_hprd$GENEID_R)))
INFO [2022-09-02 16:33:47] 
INFO [2022-09-02 16:33:47] $category.names
INFO [2022-09-02 16:33:47] c("FANTOM5", "DLRP", "IUPHAR", "HPMR", Name)
INFO [2022-09-02 16:33:47] 
INFO [2022-09-02 16:33:47] $filename
INFO [2022-09-02 16:33:47] outfile
INFO [2022-09-02 16:33:47] 
INFO [2022-09-02 16:33:47] $imagetype
INFO [2022-09-02 16:33:47] [1] "png"
INFO [2022-09-02 16:33:47] 
INFO [2022-09-02 16:33:47] $scaled
INFO [2022-09-02 16:33:47] [1] TRUE
INFO [2022-09-02 16:33:47] 
INFO [2022-09-02 16:33:47] $fill
INFO [2022-09-02 16:33:47] 1:5
INFO [2022-09-02 16:33:47] 
INFO [2022-09-02 16:33:47] $alpha
INFO [2022-09-02 16:33:47] rep(0.45, 5)
INFO [2022-09-02 16:33:47] 
INFO [2022-09-02 16:33:47] $cat.cex
INFO [2022-09-02 16:33:47] [1] 0.9
INFO [2022-09-02 16:33:47] 
INFO [2022-09-02 16:33:47] $margin
INFO [2022-09-02 16:33:47] [1] 0.182
INFO [2022-09-02 16:33:47] 
