INFO [2022-03-18 17:08:34] [[1]]
INFO [2022-03-18 17:08:34] list(FANTOM5 = unique(paste(fantom5$GENEID_L, fantom5$GENEID_R)), 
INFO [2022-03-18 17:08:34]     DLRP = unique(paste(dlrp$GENEID_L, dlrp$GENEID_R)), IUPHAR = unique(paste(iuphar$GENEID_L, 
INFO [2022-03-18 17:08:34]         iuphar$GENEID_R)), HPMR = unique(paste(hpmr$GENEID_L, 
INFO [2022-03-18 17:08:34]         hpmr$GENEID_R)), UNIPROTKB_STRING = unique(paste(uniprotkb_string$GENEID_L, 
INFO [2022-03-18 17:08:34]         uniprotkb_string$GENEID_R)))
INFO [2022-03-18 17:08:34] 
INFO [2022-03-18 17:08:34] $category.names
INFO [2022-03-18 17:08:34] c("FANTOM5", "DLRP", "IUPHAR", "HPMR", Name)
INFO [2022-03-18 17:08:34] 
INFO [2022-03-18 17:08:34] $filename
INFO [2022-03-18 17:08:34] outfile
INFO [2022-03-18 17:08:34] 
INFO [2022-03-18 17:08:34] $imagetype
INFO [2022-03-18 17:08:34] [1] "png"
INFO [2022-03-18 17:08:34] 
INFO [2022-03-18 17:08:34] $scaled
INFO [2022-03-18 17:08:34] [1] TRUE
INFO [2022-03-18 17:08:34] 
INFO [2022-03-18 17:08:34] $fill
INFO [2022-03-18 17:08:34] 1:5
INFO [2022-03-18 17:08:34] 
INFO [2022-03-18 17:08:34] $alpha
INFO [2022-03-18 17:08:34] rep(0.45, 5)
INFO [2022-03-18 17:08:34] 
INFO [2022-03-18 17:08:34] $cat.cex
INFO [2022-03-18 17:08:34] [1] 0.9
INFO [2022-03-18 17:08:34] 
INFO [2022-03-18 17:08:34] $margin
INFO [2022-03-18 17:08:34] [1] 0.182
INFO [2022-03-18 17:08:34] 
