INFO [2022-09-02 16:36:16] [[1]]
INFO [2022-09-02 16:36:16] list(LRBase.Hsa.eg.db = unique(paste(lrbase$GENEID_L, lrbase$GENEID_R)), 
INFO [2022-09-02 16:36:16]     FANTOM5 = unique(paste(fantom5$GENEID_L, fantom5$GENEID_R)), 
INFO [2022-09-02 16:36:16]     CellPhoneDB = unique(paste(cellphonedb$GENEID_L, cellphonedb$GENEID_R)), 
INFO [2022-09-02 16:36:16]     BaderLab = unique(paste(baderlab$GENEID_L, baderlab$GENEID_R)), 
INFO [2022-09-02 16:36:16]     SingleCellSignalR = unique(paste(singlecellsignalr$GENEID_L, 
INFO [2022-09-02 16:36:16]         singlecellsignalr$GENEID_R)))
INFO [2022-09-02 16:36:16] 
INFO [2022-09-02 16:36:16] $filename
INFO [2022-09-02 16:36:16] [1] "plot/venndiagram_human.png"
INFO [2022-09-02 16:36:16] 
INFO [2022-09-02 16:36:16] $imagetype
INFO [2022-09-02 16:36:16] [1] "png"
INFO [2022-09-02 16:36:16] 
INFO [2022-09-02 16:36:16] $scaled
INFO [2022-09-02 16:36:16] [1] TRUE
INFO [2022-09-02 16:36:16] 
INFO [2022-09-02 16:36:16] $fill
INFO [2022-09-02 16:36:16] 1:5
INFO [2022-09-02 16:36:16] 
INFO [2022-09-02 16:36:16] $alpha
INFO [2022-09-02 16:36:16] rep(0.45, 5)
INFO [2022-09-02 16:36:16] 
INFO [2022-09-02 16:36:16] $cat.cex
INFO [2022-09-02 16:36:16] [1] 1.2
INFO [2022-09-02 16:36:16] 
INFO [2022-09-02 16:36:16] $margin
INFO [2022-09-02 16:36:16] [1] 0.182
INFO [2022-09-02 16:36:16] 
