INFO [2023-09-13 23:13:29] [[1]]
INFO [2023-09-13 23:13:29] list(FANTOM5 = unique(paste(fantom5$GENEID_L, fantom5$GENEID_R)), 
INFO [2023-09-13 23:13:29]     DLRP = unique(paste(dlrp$GENEID_L, dlrp$GENEID_R)), IUPHAR = unique(paste(iuphar$GENEID_L, 
INFO [2023-09-13 23:13:29]         iuphar$GENEID_R)), HPMR = unique(paste(hpmr$GENEID_L, 
INFO [2023-09-13 23:13:29]         hpmr$GENEID_R)), UNIPROTKB_HPRD = unique(paste(uniprotkb_hprd$GENEID_L, 
INFO [2023-09-13 23:13:29]         uniprotkb_hprd$GENEID_R)))
INFO [2023-09-13 23:13:29] 
INFO [2023-09-13 23:13:29] $category.names
INFO [2023-09-13 23:13:29] c("FANTOM5", "DLRP", "IUPHAR", "HPMR", Name)
INFO [2023-09-13 23:13:29] 
INFO [2023-09-13 23:13:29] $filename
INFO [2023-09-13 23:13:29] outfile
INFO [2023-09-13 23:13:29] 
INFO [2023-09-13 23:13:29] $imagetype
INFO [2023-09-13 23:13:29] [1] "png"
INFO [2023-09-13 23:13:29] 
INFO [2023-09-13 23:13:29] $scaled
INFO [2023-09-13 23:13:29] [1] TRUE
INFO [2023-09-13 23:13:29] 
INFO [2023-09-13 23:13:29] $fill
INFO [2023-09-13 23:13:29] 1:5
INFO [2023-09-13 23:13:29] 
INFO [2023-09-13 23:13:29] $alpha
INFO [2023-09-13 23:13:29] rep(0.45, 5)
INFO [2023-09-13 23:13:29] 
INFO [2023-09-13 23:13:29] $cat.cex
INFO [2023-09-13 23:13:29] [1] 0.9
INFO [2023-09-13 23:13:29] 
INFO [2023-09-13 23:13:29] $margin
INFO [2023-09-13 23:13:29] [1] 0.182
INFO [2023-09-13 23:13:29] 
