INFO [2023-03-12 16:15:57] [[1]]
INFO [2023-03-12 16:15:57] list(FANTOM5 = unique(paste(fantom5$GENEID_L, fantom5$GENEID_R)), 
INFO [2023-03-12 16:15:57]     DLRP = unique(paste(dlrp$GENEID_L, dlrp$GENEID_R)), IUPHAR = unique(paste(iuphar$GENEID_L, 
INFO [2023-03-12 16:15:57]         iuphar$GENEID_R)), HPMR = unique(paste(hpmr$GENEID_L, 
INFO [2023-03-12 16:15:57]         hpmr$GENEID_R)), UNIPROTKB_STRING = unique(paste(uniprotkb_string$GENEID_L, 
INFO [2023-03-12 16:15:57]         uniprotkb_string$GENEID_R)))
INFO [2023-03-12 16:15:57] 
INFO [2023-03-12 16:15:57] $category.names
INFO [2023-03-12 16:15:57] c("FANTOM5", "DLRP", "IUPHAR", "HPMR", Name)
INFO [2023-03-12 16:15:57] 
INFO [2023-03-12 16:15:57] $filename
INFO [2023-03-12 16:15:57] outfile
INFO [2023-03-12 16:15:57] 
INFO [2023-03-12 16:15:57] $imagetype
INFO [2023-03-12 16:15:57] [1] "png"
INFO [2023-03-12 16:15:57] 
INFO [2023-03-12 16:15:57] $scaled
INFO [2023-03-12 16:15:57] [1] TRUE
INFO [2023-03-12 16:15:57] 
INFO [2023-03-12 16:15:57] $fill
INFO [2023-03-12 16:15:57] 1:5
INFO [2023-03-12 16:15:57] 
INFO [2023-03-12 16:15:57] $alpha
INFO [2023-03-12 16:15:57] rep(0.45, 5)
INFO [2023-03-12 16:15:57] 
INFO [2023-03-12 16:15:57] $cat.cex
INFO [2023-03-12 16:15:57] [1] 0.9
INFO [2023-03-12 16:15:57] 
INFO [2023-03-12 16:15:57] $margin
INFO [2023-03-12 16:15:57] [1] 0.182
INFO [2023-03-12 16:15:57] 
