INFO [2022-09-02 16:32:12] [[1]]
INFO [2022-09-02 16:32:12] list(FANTOM5 = unique(paste(fantom5$GENEID_L, fantom5$GENEID_R)), 
INFO [2022-09-02 16:32:12]     DLRP = unique(paste(dlrp$GENEID_L, dlrp$GENEID_R)), IUPHAR = unique(paste(iuphar$GENEID_L, 
INFO [2022-09-02 16:32:12]         iuphar$GENEID_R)), HPMR = unique(paste(hpmr$GENEID_L, 
INFO [2022-09-02 16:32:12]         hpmr$GENEID_R)), UNIPROTKB_STRING = unique(paste(uniprotkb_string$GENEID_L, 
INFO [2022-09-02 16:32:12]         uniprotkb_string$GENEID_R)))
INFO [2022-09-02 16:32:12] 
INFO [2022-09-02 16:32:12] $category.names
INFO [2022-09-02 16:32:12] c("FANTOM5", "DLRP", "IUPHAR", "HPMR", Name)
INFO [2022-09-02 16:32:12] 
INFO [2022-09-02 16:32:12] $filename
INFO [2022-09-02 16:32:12] outfile
INFO [2022-09-02 16:32:12] 
INFO [2022-09-02 16:32:12] $imagetype
INFO [2022-09-02 16:32:12] [1] "png"
INFO [2022-09-02 16:32:12] 
INFO [2022-09-02 16:32:12] $scaled
INFO [2022-09-02 16:32:12] [1] TRUE
INFO [2022-09-02 16:32:12] 
INFO [2022-09-02 16:32:12] $fill
INFO [2022-09-02 16:32:12] 1:5
INFO [2022-09-02 16:32:12] 
INFO [2022-09-02 16:32:12] $alpha
INFO [2022-09-02 16:32:12] rep(0.45, 5)
INFO [2022-09-02 16:32:12] 
INFO [2022-09-02 16:32:12] $cat.cex
INFO [2022-09-02 16:32:12] [1] 0.9
INFO [2022-09-02 16:32:12] 
INFO [2022-09-02 16:32:12] $margin
INFO [2022-09-02 16:32:12] [1] 0.182
INFO [2022-09-02 16:32:12] 
