INFO [2020-07-31 10:17:52] [[1]]
INFO [2020-07-31 10:17:52] list(FANTOM5 = unique(paste(fantom5$GENEID_L, fantom5$GENEID_R)), 
INFO [2020-07-31 10:17:52]     DLRP = unique(paste(dlrp$GENEID_L, dlrp$GENEID_R)), IUPHAR = unique(paste(iuphar$GENEID_L, 
INFO [2020-07-31 10:17:52]         iuphar$GENEID_R)), UNIPROTKB_STRING = unique(paste(uniprotkb_string$GENEID_L, 
INFO [2020-07-31 10:17:52]         uniprotkb_string$GENEID_R)))
INFO [2020-07-31 10:17:52] 
INFO [2020-07-31 10:17:52] $category.names
INFO [2020-07-31 10:17:52] c("FANTOM5", "DLRP", "IUPHAR", Name)
INFO [2020-07-31 10:17:52] 
INFO [2020-07-31 10:17:52] $filename
INFO [2020-07-31 10:17:52] outfile
INFO [2020-07-31 10:17:52] 
INFO [2020-07-31 10:17:52] $imagetype
INFO [2020-07-31 10:17:52] [1] "png"
INFO [2020-07-31 10:17:52] 
INFO [2020-07-31 10:17:52] $scaled
INFO [2020-07-31 10:17:52] [1] TRUE
INFO [2020-07-31 10:17:52] 
INFO [2020-07-31 10:17:52] $fill
INFO [2020-07-31 10:17:52] 1:4
INFO [2020-07-31 10:17:52] 
INFO [2020-07-31 10:17:52] $alpha
INFO [2020-07-31 10:17:52] rep(0.45, 4)
INFO [2020-07-31 10:17:52] 
