INFO [2021-03-29 15:51:59] [[1]]
INFO [2021-03-29 15:51:59] list(FANTOM5 = unique(paste(fantom5$GENEID_L, fantom5$GENEID_R)), 
INFO [2021-03-29 15:51:59]     DLRP = unique(paste(dlrp$GENEID_L, dlrp$GENEID_R)), IUPHAR = unique(paste(iuphar$GENEID_L, 
INFO [2021-03-29 15:51:59]         iuphar$GENEID_R)), HPMR = unique(paste(hpmr$GENEID_L, 
INFO [2021-03-29 15:51:59]         hpmr$GENEID_R)), UNIPROTKB_STRING = unique(paste(uniprotkb_string$GENEID_L, 
INFO [2021-03-29 15:51:59]         uniprotkb_string$GENEID_R)))
INFO [2021-03-29 15:51:59] 
INFO [2021-03-29 15:51:59] $category.names
INFO [2021-03-29 15:51:59] c("FANTOM5", "DLRP", "IUPHAR", "HPMR", Name)
INFO [2021-03-29 15:51:59] 
INFO [2021-03-29 15:51:59] $filename
INFO [2021-03-29 15:51:59] outfile
INFO [2021-03-29 15:51:59] 
INFO [2021-03-29 15:51:59] $imagetype
INFO [2021-03-29 15:51:59] [1] "png"
INFO [2021-03-29 15:51:59] 
INFO [2021-03-29 15:51:59] $scaled
INFO [2021-03-29 15:51:59] [1] TRUE
INFO [2021-03-29 15:51:59] 
INFO [2021-03-29 15:51:59] $fill
INFO [2021-03-29 15:51:59] 1:5
INFO [2021-03-29 15:51:59] 
INFO [2021-03-29 15:51:59] $alpha
INFO [2021-03-29 15:51:59] rep(0.45, 5)
INFO [2021-03-29 15:51:59] 
INFO [2021-03-29 15:51:59] $cat.cex
INFO [2021-03-29 15:51:59] [1] 0.9
INFO [2021-03-29 15:51:59] 
INFO [2021-03-29 15:51:59] $margin
INFO [2021-03-29 15:51:59] [1] 0.182
INFO [2021-03-29 15:51:59] 
