INFO [2022-09-03 16:28:17] [[1]]
INFO [2022-09-03 16:28:17] list(LRBase.Hsa.eg.db = unique(paste(lrbase$GENEID_L, lrbase$GENEID_R)), 
INFO [2022-09-03 16:28:17]     FANTOM5 = unique(paste(fantom5$GENEID_L, fantom5$GENEID_R)), 
INFO [2022-09-03 16:28:17]     CellPhoneDB = unique(paste(cellphonedb$GENEID_L, cellphonedb$GENEID_R)), 
INFO [2022-09-03 16:28:17]     BaderLab = unique(paste(baderlab$GENEID_L, baderlab$GENEID_R)), 
INFO [2022-09-03 16:28:17]     SingleCellSignalR = unique(paste(singlecellsignalr$GENEID_L, 
INFO [2022-09-03 16:28:17]         singlecellsignalr$GENEID_R)))
INFO [2022-09-03 16:28:17] 
INFO [2022-09-03 16:28:17] $filename
INFO [2022-09-03 16:28:17] [1] "plot/venndiagram_human.png"
INFO [2022-09-03 16:28:17] 
INFO [2022-09-03 16:28:17] $imagetype
INFO [2022-09-03 16:28:17] [1] "png"
INFO [2022-09-03 16:28:17] 
INFO [2022-09-03 16:28:17] $scaled
INFO [2022-09-03 16:28:17] [1] TRUE
INFO [2022-09-03 16:28:17] 
INFO [2022-09-03 16:28:17] $fill
INFO [2022-09-03 16:28:17] 1:5
INFO [2022-09-03 16:28:17] 
INFO [2022-09-03 16:28:17] $alpha
INFO [2022-09-03 16:28:17] rep(0.45, 5)
INFO [2022-09-03 16:28:17] 
INFO [2022-09-03 16:28:17] $cat.cex
INFO [2022-09-03 16:28:17] [1] 1.2
INFO [2022-09-03 16:28:17] 
INFO [2022-09-03 16:28:17] $margin
INFO [2022-09-03 16:28:17] [1] 0.182
INFO [2022-09-03 16:28:17] 
