INFO [2022-09-03 16:28:40] [[1]]
INFO [2022-09-03 16:28:40] list(FANTOM5 = unique(paste(fantom5$GENEID_L, fantom5$GENEID_R)), 
INFO [2022-09-03 16:28:40]     DLRP = unique(paste(dlrp$GENEID_L, dlrp$GENEID_R)), IUPHAR = unique(paste(iuphar$GENEID_L, 
INFO [2022-09-03 16:28:40]         iuphar$GENEID_R)), HPMR = unique(paste(hpmr$GENEID_L, 
INFO [2022-09-03 16:28:40]         hpmr$GENEID_R)), UNIPROTKB_STRING = unique(paste(uniprotkb_string$GENEID_L, 
INFO [2022-09-03 16:28:40]         uniprotkb_string$GENEID_R)))
INFO [2022-09-03 16:28:40] 
INFO [2022-09-03 16:28:40] $category.names
INFO [2022-09-03 16:28:40] c("FANTOM5", "DLRP", "IUPHAR", "HPMR", Name)
INFO [2022-09-03 16:28:40] 
INFO [2022-09-03 16:28:40] $filename
INFO [2022-09-03 16:28:40] outfile
INFO [2022-09-03 16:28:40] 
INFO [2022-09-03 16:28:40] $imagetype
INFO [2022-09-03 16:28:40] [1] "png"
INFO [2022-09-03 16:28:40] 
INFO [2022-09-03 16:28:40] $scaled
INFO [2022-09-03 16:28:40] [1] TRUE
INFO [2022-09-03 16:28:40] 
INFO [2022-09-03 16:28:40] $fill
INFO [2022-09-03 16:28:40] 1:5
INFO [2022-09-03 16:28:40] 
INFO [2022-09-03 16:28:40] $alpha
INFO [2022-09-03 16:28:40] rep(0.45, 5)
INFO [2022-09-03 16:28:40] 
INFO [2022-09-03 16:28:40] $cat.cex
INFO [2022-09-03 16:28:40] [1] 0.9
INFO [2022-09-03 16:28:40] 
INFO [2022-09-03 16:28:40] $margin
INFO [2022-09-03 16:28:40] [1] 0.182
INFO [2022-09-03 16:28:40] 
