INFO [2023-09-13 23:10:07] [[1]]
INFO [2023-09-13 23:10:07] list(FANTOM5 = unique(paste(fantom5$GENEID_L, fantom5$GENEID_R)), 
INFO [2023-09-13 23:10:07]     DLRP = unique(paste(dlrp$GENEID_L, dlrp$GENEID_R)), IUPHAR = unique(paste(iuphar$GENEID_L, 
INFO [2023-09-13 23:10:07]         iuphar$GENEID_R)), HPMR = unique(paste(hpmr$GENEID_L, 
INFO [2023-09-13 23:10:07]         hpmr$GENEID_R)), UNIPROTKB_STRING = unique(paste(uniprotkb_string$GENEID_L, 
INFO [2023-09-13 23:10:07]         uniprotkb_string$GENEID_R)))
INFO [2023-09-13 23:10:07] 
INFO [2023-09-13 23:10:07] $category.names
INFO [2023-09-13 23:10:07] c("FANTOM5", "DLRP", "IUPHAR", "HPMR", Name)
INFO [2023-09-13 23:10:07] 
INFO [2023-09-13 23:10:07] $filename
INFO [2023-09-13 23:10:07] outfile
INFO [2023-09-13 23:10:07] 
INFO [2023-09-13 23:10:07] $imagetype
INFO [2023-09-13 23:10:07] [1] "png"
INFO [2023-09-13 23:10:07] 
INFO [2023-09-13 23:10:07] $scaled
INFO [2023-09-13 23:10:07] [1] TRUE
INFO [2023-09-13 23:10:07] 
INFO [2023-09-13 23:10:07] $fill
INFO [2023-09-13 23:10:07] 1:5
INFO [2023-09-13 23:10:07] 
INFO [2023-09-13 23:10:07] $alpha
INFO [2023-09-13 23:10:07] rep(0.45, 5)
INFO [2023-09-13 23:10:07] 
INFO [2023-09-13 23:10:07] $cat.cex
INFO [2023-09-13 23:10:07] [1] 0.9
INFO [2023-09-13 23:10:07] 
INFO [2023-09-13 23:10:07] $margin
INFO [2023-09-13 23:10:07] [1] 0.182
INFO [2023-09-13 23:10:07] 
