INFO [2021-03-29 15:51:57] [[1]]
INFO [2021-03-29 15:51:57] list(LRBase.Hsa.eg.db = unique(paste(lrbase$GENEID_L, lrbase$GENEID_R)), 
INFO [2021-03-29 15:51:57]     FANTOM5 = unique(paste(fantom5$GENEID_L, fantom5$GENEID_R)), 
INFO [2021-03-29 15:51:57]     CellPhoneDB = unique(paste(cellphonedb$GENEID_L, cellphonedb$GENEID_R)), 
INFO [2021-03-29 15:51:57]     BaderLab = unique(paste(baderlab$GENEID_L, baderlab$GENEID_R)), 
INFO [2021-03-29 15:51:57]     SingleCellSignalR = unique(paste(singlecellsignalr$GENEID_L, 
INFO [2021-03-29 15:51:57]         singlecellsignalr$GENEID_R)))
INFO [2021-03-29 15:51:57] 
INFO [2021-03-29 15:51:57] $filename
INFO [2021-03-29 15:51:57] [1] "plot/venndiagram_human.png"
INFO [2021-03-29 15:51:57] 
INFO [2021-03-29 15:51:57] $imagetype
INFO [2021-03-29 15:51:57] [1] "png"
INFO [2021-03-29 15:51:57] 
INFO [2021-03-29 15:51:57] $scaled
INFO [2021-03-29 15:51:57] [1] TRUE
INFO [2021-03-29 15:51:57] 
INFO [2021-03-29 15:51:57] $fill
INFO [2021-03-29 15:51:57] 1:5
INFO [2021-03-29 15:51:57] 
INFO [2021-03-29 15:51:57] $alpha
INFO [2021-03-29 15:51:57] rep(0.45, 5)
INFO [2021-03-29 15:51:57] 
INFO [2021-03-29 15:51:57] $cat.cex
INFO [2021-03-29 15:51:57] [1] 1.2
INFO [2021-03-29 15:51:57] 
INFO [2021-03-29 15:51:57] $margin
INFO [2021-03-29 15:51:57] [1] 0.182
INFO [2021-03-29 15:51:57] 
