INFO [2023-09-13 23:15:13] [[1]]
INFO [2023-09-13 23:15:13] list(LRBase.Hsa.eg.db = unique(paste(lrbase$GENEID_L, lrbase$GENEID_R)), 
INFO [2023-09-13 23:15:13]     FANTOM5 = unique(paste(fantom5$GENEID_L, fantom5$GENEID_R)), 
INFO [2023-09-13 23:15:13]     CellPhoneDB = unique(paste(cellphonedb$GENEID_L, cellphonedb$GENEID_R)), 
INFO [2023-09-13 23:15:13]     BaderLab = unique(paste(baderlab$GENEID_L, baderlab$GENEID_R)), 
INFO [2023-09-13 23:15:13]     SingleCellSignalR = unique(paste(singlecellsignalr$GENEID_L, 
INFO [2023-09-13 23:15:13]         singlecellsignalr$GENEID_R)))
INFO [2023-09-13 23:15:13] 
INFO [2023-09-13 23:15:13] $filename
INFO [2023-09-13 23:15:13] [1] "plot/venndiagram_human.png"
INFO [2023-09-13 23:15:13] 
INFO [2023-09-13 23:15:13] $imagetype
INFO [2023-09-13 23:15:13] [1] "png"
INFO [2023-09-13 23:15:13] 
INFO [2023-09-13 23:15:13] $scaled
INFO [2023-09-13 23:15:13] [1] TRUE
INFO [2023-09-13 23:15:13] 
INFO [2023-09-13 23:15:13] $fill
INFO [2023-09-13 23:15:13] 1:5
INFO [2023-09-13 23:15:13] 
INFO [2023-09-13 23:15:13] $alpha
INFO [2023-09-13 23:15:13] rep(0.45, 5)
INFO [2023-09-13 23:15:13] 
INFO [2023-09-13 23:15:13] $cat.cex
INFO [2023-09-13 23:15:13] [1] 1.2
INFO [2023-09-13 23:15:13] 
INFO [2023-09-13 23:15:13] $margin
INFO [2023-09-13 23:15:13] [1] 0.182
INFO [2023-09-13 23:15:13] 
