INFO [2023-09-13 23:10:09] [[1]]
INFO [2023-09-13 23:10:09] list(FANTOM5 = unique(paste(fantom5$GENEID_L, fantom5$GENEID_R)), 
INFO [2023-09-13 23:10:09]     DLRP = unique(paste(dlrp$GENEID_L, dlrp$GENEID_R)), IUPHAR = unique(paste(iuphar$GENEID_L, 
INFO [2023-09-13 23:10:09]         iuphar$GENEID_R)), HPMR = unique(paste(hpmr$GENEID_L, 
INFO [2023-09-13 23:10:09]         hpmr$GENEID_R)), UNIPROTKB_STRING = unique(paste(uniprotkb_string$GENEID_L, 
INFO [2023-09-13 23:10:09]         uniprotkb_string$GENEID_R)))
INFO [2023-09-13 23:10:09] 
INFO [2023-09-13 23:10:09] $category.names
INFO [2023-09-13 23:10:09] c("FANTOM5", "DLRP", "IUPHAR", "HPMR", Name)
INFO [2023-09-13 23:10:09] 
INFO [2023-09-13 23:10:09] $filename
INFO [2023-09-13 23:10:09] outfile
INFO [2023-09-13 23:10:09] 
INFO [2023-09-13 23:10:09] $imagetype
INFO [2023-09-13 23:10:09] [1] "png"
INFO [2023-09-13 23:10:09] 
INFO [2023-09-13 23:10:09] $scaled
INFO [2023-09-13 23:10:09] [1] TRUE
INFO [2023-09-13 23:10:09] 
INFO [2023-09-13 23:10:09] $fill
INFO [2023-09-13 23:10:09] 1:5
INFO [2023-09-13 23:10:09] 
INFO [2023-09-13 23:10:09] $alpha
INFO [2023-09-13 23:10:09] rep(0.45, 5)
INFO [2023-09-13 23:10:09] 
INFO [2023-09-13 23:10:09] $cat.cex
INFO [2023-09-13 23:10:09] [1] 0.9
INFO [2023-09-13 23:10:09] 
INFO [2023-09-13 23:10:09] $margin
INFO [2023-09-13 23:10:09] [1] 0.182
INFO [2023-09-13 23:10:09] 
