INFO [2022-09-03 16:28:17] [[1]]
INFO [2022-09-03 16:28:17] list(FANTOM5 = unique(paste(fantom5$GENEID_L, fantom5$GENEID_R)), 
INFO [2022-09-03 16:28:17]     DLRP = unique(paste(dlrp$GENEID_L, dlrp$GENEID_R)), IUPHAR = unique(paste(iuphar$GENEID_L, 
INFO [2022-09-03 16:28:17]         iuphar$GENEID_R)), HPMR = unique(paste(hpmr$GENEID_L, 
INFO [2022-09-03 16:28:17]         hpmr$GENEID_R)), UNIPROTKB_HPRD = unique(paste(uniprotkb_hprd$GENEID_L, 
INFO [2022-09-03 16:28:17]         uniprotkb_hprd$GENEID_R)))
INFO [2022-09-03 16:28:17] 
INFO [2022-09-03 16:28:17] $category.names
INFO [2022-09-03 16:28:17] c("FANTOM5", "DLRP", "IUPHAR", "HPMR", Name)
INFO [2022-09-03 16:28:17] 
INFO [2022-09-03 16:28:17] $filename
INFO [2022-09-03 16:28:17] outfile
INFO [2022-09-03 16:28:17] 
INFO [2022-09-03 16:28:17] $imagetype
INFO [2022-09-03 16:28:17] [1] "png"
INFO [2022-09-03 16:28:17] 
INFO [2022-09-03 16:28:17] $scaled
INFO [2022-09-03 16:28:17] [1] TRUE
INFO [2022-09-03 16:28:17] 
INFO [2022-09-03 16:28:17] $fill
INFO [2022-09-03 16:28:17] 1:5
INFO [2022-09-03 16:28:17] 
INFO [2022-09-03 16:28:17] $alpha
INFO [2022-09-03 16:28:17] rep(0.45, 5)
INFO [2022-09-03 16:28:17] 
INFO [2022-09-03 16:28:17] $cat.cex
INFO [2022-09-03 16:28:17] [1] 0.9
INFO [2022-09-03 16:28:17] 
INFO [2022-09-03 16:28:17] $margin
INFO [2022-09-03 16:28:17] [1] 0.182
INFO [2022-09-03 16:28:17] 
