INFO [2022-03-18 17:08:35] [[1]]
INFO [2022-03-18 17:08:35] list(FANTOM5 = unique(paste(fantom5$GENEID_L, fantom5$GENEID_R)), 
INFO [2022-03-18 17:08:35]     DLRP = unique(paste(dlrp$GENEID_L, dlrp$GENEID_R)), IUPHAR = unique(paste(iuphar$GENEID_L, 
INFO [2022-03-18 17:08:35]         iuphar$GENEID_R)), HPMR = unique(paste(hpmr$GENEID_L, 
INFO [2022-03-18 17:08:35]         hpmr$GENEID_R)), UNIPROTKB_STRING = unique(paste(uniprotkb_string$GENEID_L, 
INFO [2022-03-18 17:08:35]         uniprotkb_string$GENEID_R)))
INFO [2022-03-18 17:08:35] 
INFO [2022-03-18 17:08:35] $category.names
INFO [2022-03-18 17:08:35] c("FANTOM5", "DLRP", "IUPHAR", "HPMR", Name)
INFO [2022-03-18 17:08:35] 
INFO [2022-03-18 17:08:35] $filename
INFO [2022-03-18 17:08:35] outfile
INFO [2022-03-18 17:08:35] 
INFO [2022-03-18 17:08:35] $imagetype
INFO [2022-03-18 17:08:35] [1] "png"
INFO [2022-03-18 17:08:35] 
INFO [2022-03-18 17:08:35] $scaled
INFO [2022-03-18 17:08:35] [1] TRUE
INFO [2022-03-18 17:08:35] 
INFO [2022-03-18 17:08:35] $fill
INFO [2022-03-18 17:08:35] 1:5
INFO [2022-03-18 17:08:35] 
INFO [2022-03-18 17:08:35] $alpha
INFO [2022-03-18 17:08:35] rep(0.45, 5)
INFO [2022-03-18 17:08:35] 
INFO [2022-03-18 17:08:35] $cat.cex
INFO [2022-03-18 17:08:35] [1] 0.9
INFO [2022-03-18 17:08:35] 
INFO [2022-03-18 17:08:35] $margin
INFO [2022-03-18 17:08:35] [1] 0.182
INFO [2022-03-18 17:08:35] 
